<?xml version="1.0" encoding="UTF-8"?>
<testng-results ignored="0" total="1" passed="1" failed="0" skipped="0">
  <reporter-output>
  </reporter-output>
  <suite started-at="2021-03-14T13:31:10 IST" name="Default suite" finished-at="2021-03-14T13:31:16 IST" duration-ms="5516">
    <groups>
    </groups>
    <test started-at="2021-03-14T13:31:10 IST" name="Default test" finished-at="2021-03-14T13:31:16 IST" duration-ms="5516">
      <class name="pages.BaseClass">
        <test-method is-config="true" signature="ReadPrope()[pri:0, instance:pages.BaseClass@662706a7]" started-at="2021-03-14T13:31:11 IST" name="ReadPrope" finished-at="2021-03-14T13:31:11 IST" duration-ms="13" status="PASS">
          <reporter-output>
          </reporter-output>
        </test-method> <!-- ReadPrope -->
        <test-method signature="OpenBrowser()[pri:0, instance:pages.BaseClass@662706a7]" started-at="2021-03-14T13:31:11 IST" name="OpenBrowser" finished-at="2021-03-14T13:31:16 IST" duration-ms="5427" status="PASS">
          <reporter-output>
          </reporter-output>
        </test-method> <!-- OpenBrowser -->
      </class> <!-- pages.BaseClass -->
    </test> <!-- Default test -->
  </suite> <!-- Default suite -->
</testng-results>
