<?xml version="1.0" encoding="UTF-8"?>
<testng-results ignored="0" total="1" passed="1" failed="0" skipped="0">
  <reporter-output>
  </reporter-output>
  <suite started-at="2020-11-14T13:18:42 IST" name="Default suite" finished-at="2020-11-14T13:18:44 IST" duration-ms="1948">
    <groups>
    </groups>
    <test started-at="2020-11-14T13:18:42 IST" name="Default test" finished-at="2020-11-14T13:18:44 IST" duration-ms="1948">
      <class name="selenium.qa.Rest">
        <test-method signature="test2()[pri:0, instance:selenium.qa.Rest@27adc16e]" started-at="2020-11-14T13:18:43 IST" name="test2" finished-at="2020-11-14T13:18:44 IST" duration-ms="1921" status="PASS">
          <reporter-output>
          </reporter-output>
        </test-method> <!-- test2 -->
      </class> <!-- selenium.qa.Rest -->
    </test> <!-- Default test -->
  </suite> <!-- Default suite -->
</testng-results>
